<?xml version="1.0" encoding="UTF-8"?>
<!-- Generated by org.testng.reporters.JUnitXMLReporter -->
<testsuite ignored="2" hostname="HetarthLaptop" failures="0" tests="2" name="Test" time="68.246" errors="0" timestamp="2025-10-16T06:56:21 BST">
  <testcase classname="com.leaftaps.testcases.TC003_CreateLead" name="runLogin" time="46.36"/>
  <testcase classname="com.leaftaps.testcases.TC001_VerifyLogin" name="runLogin" time="7.636"/>
  <testcase classname="com.framework.utils.Reporter" name="@BeforeSuite startReport" time="0.0">
    <ignored/>
  </testcase> <!-- @BeforeSuite startReport -->
  <testcase classname="com.framework.utils.Reporter" name="@AfterSuite endResult" time="0.0">
    <ignored/>
  </testcase> <!-- @AfterSuite endResult -->
</testsuite> <!-- Test -->
