<?xml version="1.0" encoding="UTF-8"?>
<!-- Generated by org.testng.reporters.JUnitXMLReporter -->
<testsuite ignored="0" hostname="HetarthLaptop" failures="0" tests="3" name="CreateLead" time="140.457" errors="0" timestamp="2025-10-06T08:24:38 BST">
  <testcase classname="week5.day2.CreateLead" name="runCreateLead" time="12.708"/>
  <testcase classname="week5.day2.CreateLead" name="runCreateLead" time="13.115"/>
  <testcase classname="week5.day2.CreateLead" name="runCreateLead" time="10.992"/>
</testsuite> <!-- CreateLead -->
