<?xml version="1.0" encoding="UTF-8"?>
<testng-results ignored="0" total="3" passed="3" failed="0" skipped="0">
  <reporter-output>
  </reporter-output>
  <suite started-at="2025-10-06T08:22:18 BST" name="Suite" finished-at="2025-10-06T08:24:38 BST" duration-ms="140457">
    <groups>
    </groups>
    <test started-at="2025-10-06T08:22:18 BST" name="CreateLead" finished-at="2025-10-06T08:24:38 BST" duration-ms="140457">
      <class name="week5.day2.CreateLead">
        <test-method is-config="true" signature="preConditions(java.lang.String,java.lang.String,java.lang.String,java.lang.String)[pri:0, instance:week5.day2.CreateLead@d35dea7]" started-at="2025-10-06T08:22:19 BST" name="preConditions" finished-at="2025-10-06T08:23:09 BST" duration-ms="50252" status="PASS">
          <params>
            <param index="0">
              <value>
                <![CDATA[http://leaftaps.com/opentaps/control/main]]>
              </value>
            </param>
            <param index="1">
              <value>
                <![CDATA[Demosalesmanager]]>
              </value>
            </param>
            <param index="2">
              <value>
                <![CDATA[crmsfa]]>
              </value>
            </param>
            <param index="3">
              <value>
                <![CDATA[Firefox]]>
              </value>
            </param>
          </params>
          <reporter-output>
          </reporter-output>
        </test-method> <!-- preConditions -->
        <test-method signature="runCreateLead(java.lang.String,java.lang.String,java.lang.String,java.lang.String)[pri:0, instance:week5.day2.CreateLead@d35dea7]" started-at="2025-10-06T08:23:09 BST" name="runCreateLead" data-provider="fetchData" finished-at="2025-10-06T08:23:22 BST" duration-ms="12708" status="PASS">
          <params>
            <param index="0">
              <value>
                <![CDATA[TestLeaf]]>
              </value>
            </param>
            <param index="1">
              <value>
                <![CDATA[Bhuvanesh]]>
              </value>
            </param>
            <param index="2">
              <value>
                <![CDATA[Moorthy]]>
              </value>
            </param>
            <param index="3">
              <value>
                <![CDATA[999]]>
              </value>
            </param>
          </params>
          <reporter-output>
          </reporter-output>
        </test-method> <!-- runCreateLead -->
        <test-method is-config="true" signature="postConditions()[pri:0, instance:week5.day2.CreateLead@d35dea7]" started-at="2025-10-06T08:23:22 BST" name="postConditions" finished-at="2025-10-06T08:23:27 BST" duration-ms="4693" status="PASS">
          <reporter-output>
          </reporter-output>
        </test-method> <!-- postConditions -->
        <test-method is-config="true" signature="preConditions(java.lang.String,java.lang.String,java.lang.String,java.lang.String)[pri:0, instance:week5.day2.CreateLead@d35dea7]" started-at="2025-10-06T08:23:27 BST" name="preConditions" finished-at="2025-10-06T08:23:48 BST" duration-ms="21313" status="PASS">
          <params>
            <param index="0">
              <value>
                <![CDATA[http://leaftaps.com/opentaps/control/main]]>
              </value>
            </param>
            <param index="1">
              <value>
                <![CDATA[Demosalesmanager]]>
              </value>
            </param>
            <param index="2">
              <value>
                <![CDATA[crmsfa]]>
              </value>
            </param>
            <param index="3">
              <value>
                <![CDATA[Firefox]]>
              </value>
            </param>
          </params>
          <reporter-output>
          </reporter-output>
        </test-method> <!-- preConditions -->
        <test-method signature="runCreateLead(java.lang.String,java.lang.String,java.lang.String,java.lang.String)[pri:0, instance:week5.day2.CreateLead@d35dea7]" started-at="2025-10-06T08:23:48 BST" name="runCreateLead" data-provider="fetchData" finished-at="2025-10-06T08:24:01 BST" duration-ms="13115" status="PASS">
          <params>
            <param index="0">
              <value>
                <![CDATA[Qeagle]]>
              </value>
            </param>
            <param index="1">
              <value>
                <![CDATA[Vineeth]]>
              </value>
            </param>
            <param index="2">
              <value>
                <![CDATA[Rajendran]]>
              </value>
            </param>
            <param index="3">
              <value>
                <![CDATA[777]]>
              </value>
            </param>
          </params>
          <reporter-output>
          </reporter-output>
        </test-method> <!-- runCreateLead -->
        <test-method is-config="true" signature="postConditions()[pri:0, instance:week5.day2.CreateLead@d35dea7]" started-at="2025-10-06T08:24:01 BST" name="postConditions" finished-at="2025-10-06T08:24:04 BST" duration-ms="2933" status="PASS">
          <reporter-output>
          </reporter-output>
        </test-method> <!-- postConditions -->
        <test-method is-config="true" signature="preConditions(java.lang.String,java.lang.String,java.lang.String,java.lang.String)[pri:0, instance:week5.day2.CreateLead@d35dea7]" started-at="2025-10-06T08:24:04 BST" name="preConditions" finished-at="2025-10-06T08:24:24 BST" duration-ms="20351" status="PASS">
          <params>
            <param index="0">
              <value>
                <![CDATA[http://leaftaps.com/opentaps/control/main]]>
              </value>
            </param>
            <param index="1">
              <value>
                <![CDATA[Demosalesmanager]]>
              </value>
            </param>
            <param index="2">
              <value>
                <![CDATA[crmsfa]]>
              </value>
            </param>
            <param index="3">
              <value>
                <![CDATA[Firefox]]>
              </value>
            </param>
          </params>
          <reporter-output>
          </reporter-output>
        </test-method> <!-- preConditions -->
        <test-method signature="runCreateLead(java.lang.String,java.lang.String,java.lang.String,java.lang.String)[pri:0, instance:week5.day2.CreateLead@d35dea7]" started-at="2025-10-06T08:24:24 BST" name="runCreateLead" data-provider="fetchData" finished-at="2025-10-06T08:24:35 BST" duration-ms="10992" status="PASS">
          <params>
            <param index="0">
              <value>
                <![CDATA[Qeagle]]>
              </value>
            </param>
            <param index="1">
              <value>
                <![CDATA[Vineeth]]>
              </value>
            </param>
            <param index="2">
              <value>
                <![CDATA[Rajendran]]>
              </value>
            </param>
            <param index="3">
              <value>
                <![CDATA[777]]>
              </value>
            </param>
          </params>
          <reporter-output>
          </reporter-output>
        </test-method> <!-- runCreateLead -->
        <test-method is-config="true" signature="postConditions()[pri:0, instance:week5.day2.CreateLead@d35dea7]" started-at="2025-10-06T08:24:35 BST" name="postConditions" finished-at="2025-10-06T08:24:38 BST" duration-ms="2921" status="PASS">
          <reporter-output>
          </reporter-output>
        </test-method> <!-- postConditions -->
      </class> <!-- week5.day2.CreateLead -->
    </test> <!-- CreateLead -->
  </suite> <!-- Suite -->
</testng-results>
